
*** Running vivado
    with args -log adder32.vdi -applog -m64 -product Vivado -messageDb vivado.pb -mode batch -source adder32.tcl -notrace


****** Vivado v2017.1 (64-bit)
  **** SW Build 1846317 on Fri Apr 14 18:55:03 MDT 2017
  **** IP Build 1846188 on Fri Apr 14 20:52:08 MDT 2017
    ** Copyright 1986-2017 Xilinx, Inc. All Rights Reserved.

source adder32.tcl -notrace
Design is defaulting to srcset: sources_1
Design is defaulting to constrset: constrs_1
INFO: [Netlist 29-17] Analyzing 148 Unisim elements for replacement
INFO: [Netlist 29-28] Unisim Transformation completed in 0 CPU seconds
INFO: [Project 1-479] Netlist was created with Vivado 2017.1
INFO: [Device 21-403] Loading part xc7a200tfbg676-2
INFO: [Project 1-570] Preparing netlist for logic optimization
Parsing XDC File [D:/Vivado/code/project_1/project_1.srcs/constrs_1/new/mycons.xdc]
WARNING: [Vivado 12-584] No ports matched 'clk'. [D:/Vivado/code/project_1/project_1.srcs/constrs_1/new/mycons.xdc:1]
CRITICAL WARNING: [Common 17-55] 'set_property' expects at least one object. [D:/Vivado/code/project_1/project_1.srcs/constrs_1/new/mycons.xdc:1]
Resolution: If [get_<value>] was used to populate the object, check to make sure this command returns at least one valid object.
WARNING: [Vivado 12-584] No ports matched 'led_cout'. [D:/Vivado/code/project_1/project_1.srcs/constrs_1/new/mycons.xdc:2]
CRITICAL WARNING: [Common 17-55] 'set_property' expects at least one object. [D:/Vivado/code/project_1/project_1.srcs/constrs_1/new/mycons.xdc:2]
Resolution: If [get_<value>] was used to populate the object, check to make sure this command returns at least one valid object.
WARNING: [Vivado 12-584] No ports matched 'led_cout_2'. [D:/Vivado/code/project_1/project_1.srcs/constrs_1/new/mycons.xdc:3]
CRITICAL WARNING: [Common 17-55] 'set_property' expects at least one object. [D:/Vivado/code/project_1/project_1.srcs/constrs_1/new/mycons.xdc:3]
Resolution: If [get_<value>] was used to populate the object, check to make sure this command returns at least one valid object.
WARNING: [Vivado 12-584] No ports matched 'resetn'. [D:/Vivado/code/project_1/project_1.srcs/constrs_1/new/mycons.xdc:4]
CRITICAL WARNING: [Common 17-55] 'set_property' expects at least one object. [D:/Vivado/code/project_1/project_1.srcs/constrs_1/new/mycons.xdc:4]
Resolution: If [get_<value>] was used to populate the object, check to make sure this command returns at least one valid object.
WARNING: [Vivado 12-584] No ports matched 'input_sel'. [D:/Vivado/code/project_1/project_1.srcs/constrs_1/new/mycons.xdc:5]
CRITICAL WARNING: [Common 17-55] 'set_property' expects at least one object. [D:/Vivado/code/project_1/project_1.srcs/constrs_1/new/mycons.xdc:5]
Resolution: If [get_<value>] was used to populate the object, check to make sure this command returns at least one valid object.
WARNING: [Vivado 12-584] No ports matched 'input_sel_2'. [D:/Vivado/code/project_1/project_1.srcs/constrs_1/new/mycons.xdc:6]
CRITICAL WARNING: [Common 17-55] 'set_property' expects at least one object. [D:/Vivado/code/project_1/project_1.srcs/constrs_1/new/mycons.xdc:6]
Resolution: If [get_<value>] was used to populate the object, check to make sure this command returns at least one valid object.
WARNING: [Vivado 12-584] No ports matched 'sw_cin'. [D:/Vivado/code/project_1/project_1.srcs/constrs_1/new/mycons.xdc:7]
CRITICAL WARNING: [Common 17-55] 'set_property' expects at least one object. [D:/Vivado/code/project_1/project_1.srcs/constrs_1/new/mycons.xdc:7]
Resolution: If [get_<value>] was used to populate the object, check to make sure this command returns at least one valid object.
WARNING: [Vivado 12-584] No ports matched 'sw_cin_2'. [D:/Vivado/code/project_1/project_1.srcs/constrs_1/new/mycons.xdc:8]
CRITICAL WARNING: [Common 17-55] 'set_property' expects at least one object. [D:/Vivado/code/project_1/project_1.srcs/constrs_1/new/mycons.xdc:8]
Resolution: If [get_<value>] was used to populate the object, check to make sure this command returns at least one valid object.
WARNING: [Vivado 12-584] No ports matched 'clk'. [D:/Vivado/code/project_1/project_1.srcs/constrs_1/new/mycons.xdc:10]
CRITICAL WARNING: [Common 17-55] 'set_property' expects at least one object. [D:/Vivado/code/project_1/project_1.srcs/constrs_1/new/mycons.xdc:10]
Resolution: If [get_<value>] was used to populate the object, check to make sure this command returns at least one valid object.
WARNING: [Vivado 12-584] No ports matched 'led_cout'. [D:/Vivado/code/project_1/project_1.srcs/constrs_1/new/mycons.xdc:11]
CRITICAL WARNING: [Common 17-55] 'set_property' expects at least one object. [D:/Vivado/code/project_1/project_1.srcs/constrs_1/new/mycons.xdc:11]
Resolution: If [get_<value>] was used to populate the object, check to make sure this command returns at least one valid object.
WARNING: [Vivado 12-584] No ports matched 'led_cout_2'. [D:/Vivado/code/project_1/project_1.srcs/constrs_1/new/mycons.xdc:12]
CRITICAL WARNING: [Common 17-55] 'set_property' expects at least one object. [D:/Vivado/code/project_1/project_1.srcs/constrs_1/new/mycons.xdc:12]
Resolution: If [get_<value>] was used to populate the object, check to make sure this command returns at least one valid object.
WARNING: [Vivado 12-584] No ports matched 'resetn'. [D:/Vivado/code/project_1/project_1.srcs/constrs_1/new/mycons.xdc:13]
CRITICAL WARNING: [Common 17-55] 'set_property' expects at least one object. [D:/Vivado/code/project_1/project_1.srcs/constrs_1/new/mycons.xdc:13]
Resolution: If [get_<value>] was used to populate the object, check to make sure this command returns at least one valid object.
WARNING: [Vivado 12-584] No ports matched 'input_sel'. [D:/Vivado/code/project_1/project_1.srcs/constrs_1/new/mycons.xdc:14]
CRITICAL WARNING: [Common 17-55] 'set_property' expects at least one object. [D:/Vivado/code/project_1/project_1.srcs/constrs_1/new/mycons.xdc:14]
Resolution: If [get_<value>] was used to populate the object, check to make sure this command returns at least one valid object.
WARNING: [Vivado 12-584] No ports matched 'input_sel_2'. [D:/Vivado/code/project_1/project_1.srcs/constrs_1/new/mycons.xdc:15]
CRITICAL WARNING: [Common 17-55] 'set_property' expects at least one object. [D:/Vivado/code/project_1/project_1.srcs/constrs_1/new/mycons.xdc:15]
Resolution: If [get_<value>] was used to populate the object, check to make sure this command returns at least one valid object.
WARNING: [Vivado 12-584] No ports matched 'sw_cin'. [D:/Vivado/code/project_1/project_1.srcs/constrs_1/new/mycons.xdc:16]
CRITICAL WARNING: [Common 17-55] 'set_property' expects at least one object. [D:/Vivado/code/project_1/project_1.srcs/constrs_1/new/mycons.xdc:16]
Resolution: If [get_<value>] was used to populate the object, check to make sure this command returns at least one valid object.
WARNING: [Vivado 12-584] No ports matched 'sw_cin_2'. [D:/Vivado/code/project_1/project_1.srcs/constrs_1/new/mycons.xdc:17]
CRITICAL WARNING: [Common 17-55] 'set_property' expects at least one object. [D:/Vivado/code/project_1/project_1.srcs/constrs_1/new/mycons.xdc:17]
Resolution: If [get_<value>] was used to populate the object, check to make sure this command returns at least one valid object.
WARNING: [Vivado 12-584] No ports matched 'lcd_rst'. [D:/Vivado/code/project_1/project_1.srcs/constrs_1/new/mycons.xdc:21]
CRITICAL WARNING: [Common 17-55] 'set_property' expects at least one object. [D:/Vivado/code/project_1/project_1.srcs/constrs_1/new/mycons.xdc:21]
Resolution: If [get_<value>] was used to populate the object, check to make sure this command returns at least one valid object.
WARNING: [Vivado 12-584] No ports matched 'lcd_cs'. [D:/Vivado/code/project_1/project_1.srcs/constrs_1/new/mycons.xdc:22]
CRITICAL WARNING: [Common 17-55] 'set_property' expects at least one object. [D:/Vivado/code/project_1/project_1.srcs/constrs_1/new/mycons.xdc:22]
Resolution: If [get_<value>] was used to populate the object, check to make sure this command returns at least one valid object.
WARNING: [Vivado 12-584] No ports matched 'lcd_rs'. [D:/Vivado/code/project_1/project_1.srcs/constrs_1/new/mycons.xdc:23]
CRITICAL WARNING: [Common 17-55] 'set_property' expects at least one object. [D:/Vivado/code/project_1/project_1.srcs/constrs_1/new/mycons.xdc:23]
Resolution: If [get_<value>] was used to populate the object, check to make sure this command returns at least one valid object.
WARNING: [Vivado 12-584] No ports matched 'lcd_wr'. [D:/Vivado/code/project_1/project_1.srcs/constrs_1/new/mycons.xdc:24]
CRITICAL WARNING: [Common 17-55] 'set_property' expects at least one object. [D:/Vivado/code/project_1/project_1.srcs/constrs_1/new/mycons.xdc:24]
Resolution: If [get_<value>] was used to populate the object, check to make sure this command returns at least one valid object.
WARNING: [Vivado 12-584] No ports matched 'lcd_rd'. [D:/Vivado/code/project_1/project_1.srcs/constrs_1/new/mycons.xdc:25]
CRITICAL WARNING: [Common 17-55] 'set_property' expects at least one object. [D:/Vivado/code/project_1/project_1.srcs/constrs_1/new/mycons.xdc:25]
Resolution: If [get_<value>] was used to populate the object, check to make sure this command returns at least one valid object.
WARNING: [Vivado 12-584] No ports matched 'lcd_bl_ctr'. [D:/Vivado/code/project_1/project_1.srcs/constrs_1/new/mycons.xdc:26]
CRITICAL WARNING: [Common 17-55] 'set_property' expects at least one object. [D:/Vivado/code/project_1/project_1.srcs/constrs_1/new/mycons.xdc:26]
Resolution: If [get_<value>] was used to populate the object, check to make sure this command returns at least one valid object.
WARNING: [Vivado 12-584] No ports matched 'lcd_data_io[0]'. [D:/Vivado/code/project_1/project_1.srcs/constrs_1/new/mycons.xdc:27]
CRITICAL WARNING: [Common 17-55] 'set_property' expects at least one object. [D:/Vivado/code/project_1/project_1.srcs/constrs_1/new/mycons.xdc:27]
Resolution: If [get_<value>] was used to populate the object, check to make sure this command returns at least one valid object.
WARNING: [Vivado 12-584] No ports matched 'lcd_data_io[1]'. [D:/Vivado/code/project_1/project_1.srcs/constrs_1/new/mycons.xdc:28]
CRITICAL WARNING: [Common 17-55] 'set_property' expects at least one object. [D:/Vivado/code/project_1/project_1.srcs/constrs_1/new/mycons.xdc:28]
Resolution: If [get_<value>] was used to populate the object, check to make sure this command returns at least one valid object.
WARNING: [Vivado 12-584] No ports matched 'lcd_data_io[2]'. [D:/Vivado/code/project_1/project_1.srcs/constrs_1/new/mycons.xdc:29]
CRITICAL WARNING: [Common 17-55] 'set_property' expects at least one object. [D:/Vivado/code/project_1/project_1.srcs/constrs_1/new/mycons.xdc:29]
Resolution: If [get_<value>] was used to populate the object, check to make sure this command returns at least one valid object.
WARNING: [Vivado 12-584] No ports matched 'lcd_data_io[3]'. [D:/Vivado/code/project_1/project_1.srcs/constrs_1/new/mycons.xdc:30]
CRITICAL WARNING: [Common 17-55] 'set_property' expects at least one object. [D:/Vivado/code/project_1/project_1.srcs/constrs_1/new/mycons.xdc:30]
Resolution: If [get_<value>] was used to populate the object, check to make sure this command returns at least one valid object.
WARNING: [Vivado 12-584] No ports matched 'lcd_data_io[4]'. [D:/Vivado/code/project_1/project_1.srcs/constrs_1/new/mycons.xdc:31]
CRITICAL WARNING: [Common 17-55] 'set_property' expects at least one object. [D:/Vivado/code/project_1/project_1.srcs/constrs_1/new/mycons.xdc:31]
Resolution: If [get_<value>] was used to populate the object, check to make sure this command returns at least one valid object.
WARNING: [Vivado 12-584] No ports matched 'lcd_data_io[5]'. [D:/Vivado/code/project_1/project_1.srcs/constrs_1/new/mycons.xdc:32]
CRITICAL WARNING: [Common 17-55] 'set_property' expects at least one object. [D:/Vivado/code/project_1/project_1.srcs/constrs_1/new/mycons.xdc:32]
Resolution: If [get_<value>] was used to populate the object, check to make sure this command returns at least one valid object.
WARNING: [Vivado 12-584] No ports matched 'lcd_data_io[6]'. [D:/Vivado/code/project_1/project_1.srcs/constrs_1/new/mycons.xdc:33]
CRITICAL WARNING: [Common 17-55] 'set_property' expects at least one object. [D:/Vivado/code/project_1/project_1.srcs/constrs_1/new/mycons.xdc:33]
Resolution: If [get_<value>] was used to populate the object, check to make sure this command returns at least one valid object.
WARNING: [Vivado 12-584] No ports matched 'lcd_data_io[7]'. [D:/Vivado/code/project_1/project_1.srcs/constrs_1/new/mycons.xdc:34]
CRITICAL WARNING: [Common 17-55] 'set_property' expects at least one object. [D:/Vivado/code/project_1/project_1.srcs/constrs_1/new/mycons.xdc:34]
Resolution: If [get_<value>] was used to populate the object, check to make sure this command returns at least one valid object.
WARNING: [Vivado 12-584] No ports matched 'lcd_data_io[8]'. [D:/Vivado/code/project_1/project_1.srcs/constrs_1/new/mycons.xdc:35]
CRITICAL WARNING: [Common 17-55] 'set_property' expects at least one object. [D:/Vivado/code/project_1/project_1.srcs/constrs_1/new/mycons.xdc:35]
Resolution: If [get_<value>] was used to populate the object, check to make sure this command returns at least one valid object.
WARNING: [Vivado 12-584] No ports matched 'lcd_data_io[9]'. [D:/Vivado/code/project_1/project_1.srcs/constrs_1/new/mycons.xdc:36]
CRITICAL WARNING: [Common 17-55] 'set_property' expects at least one object. [D:/Vivado/code/project_1/project_1.srcs/constrs_1/new/mycons.xdc:36]
Resolution: If [get_<value>] was used to populate the object, check to make sure this command returns at least one valid object.
WARNING: [Vivado 12-584] No ports matched 'lcd_data_io[10]'. [D:/Vivado/code/project_1/project_1.srcs/constrs_1/new/mycons.xdc:37]
CRITICAL WARNING: [Common 17-55] 'set_property' expects at least one object. [D:/Vivado/code/project_1/project_1.srcs/constrs_1/new/mycons.xdc:37]
Resolution: If [get_<value>] was used to populate the object, check to make sure this command returns at least one valid object.
WARNING: [Vivado 12-584] No ports matched 'lcd_data_io[11]'. [D:/Vivado/code/project_1/project_1.srcs/constrs_1/new/mycons.xdc:38]
CRITICAL WARNING: [Common 17-55] 'set_property' expects at least one object. [D:/Vivado/code/project_1/project_1.srcs/constrs_1/new/mycons.xdc:38]
Resolution: If [get_<value>] was used to populate the object, check to make sure this command returns at least one valid object.
WARNING: [Vivado 12-584] No ports matched 'lcd_data_io[12]'. [D:/Vivado/code/project_1/project_1.srcs/constrs_1/new/mycons.xdc:39]
CRITICAL WARNING: [Common 17-55] 'set_property' expects at least one object. [D:/Vivado/code/project_1/project_1.srcs/constrs_1/new/mycons.xdc:39]
Resolution: If [get_<value>] was used to populate the object, check to make sure this command returns at least one valid object.
WARNING: [Vivado 12-584] No ports matched 'lcd_data_io[13]'. [D:/Vivado/code/project_1/project_1.srcs/constrs_1/new/mycons.xdc:40]
CRITICAL WARNING: [Common 17-55] 'set_property' expects at least one object. [D:/Vivado/code/project_1/project_1.srcs/constrs_1/new/mycons.xdc:40]
Resolution: If [get_<value>] was used to populate the object, check to make sure this command returns at least one valid object.
WARNING: [Vivado 12-584] No ports matched 'lcd_data_io[14]'. [D:/Vivado/code/project_1/project_1.srcs/constrs_1/new/mycons.xdc:41]
CRITICAL WARNING: [Common 17-55] 'set_property' expects at least one object. [D:/Vivado/code/project_1/project_1.srcs/constrs_1/new/mycons.xdc:41]
Resolution: If [get_<value>] was used to populate the object, check to make sure this command returns at least one valid object.
WARNING: [Vivado 12-584] No ports matched 'lcd_data_io[15]'. [D:/Vivado/code/project_1/project_1.srcs/constrs_1/new/mycons.xdc:42]
CRITICAL WARNING: [Common 17-55] 'set_property' expects at least one object. [D:/Vivado/code/project_1/project_1.srcs/constrs_1/new/mycons.xdc:42]
Resolution: If [get_<value>] was used to populate the object, check to make sure this command returns at least one valid object.
WARNING: [Vivado 12-584] No ports matched 'ct_int'. [D:/Vivado/code/project_1/project_1.srcs/constrs_1/new/mycons.xdc:43]
CRITICAL WARNING: [Common 17-55] 'set_property' expects at least one object. [D:/Vivado/code/project_1/project_1.srcs/constrs_1/new/mycons.xdc:43]
Resolution: If [get_<value>] was used to populate the object, check to make sure this command returns at least one valid object.
WARNING: [Vivado 12-584] No ports matched 'ct_sda'. [D:/Vivado/code/project_1/project_1.srcs/constrs_1/new/mycons.xdc:44]
CRITICAL WARNING: [Common 17-55] 'set_property' expects at least one object. [D:/Vivado/code/project_1/project_1.srcs/constrs_1/new/mycons.xdc:44]
Resolution: If [get_<value>] was used to populate the object, check to make sure this command returns at least one valid object.
WARNING: [Vivado 12-584] No ports matched 'ct_scl'. [D:/Vivado/code/project_1/project_1.srcs/constrs_1/new/mycons.xdc:45]
CRITICAL WARNING: [Common 17-55] 'set_property' expects at least one object. [D:/Vivado/code/project_1/project_1.srcs/constrs_1/new/mycons.xdc:45]
Resolution: If [get_<value>] was used to populate the object, check to make sure this command returns at least one valid object.
WARNING: [Vivado 12-584] No ports matched 'ct_rstn'. [D:/Vivado/code/project_1/project_1.srcs/constrs_1/new/mycons.xdc:46]
CRITICAL WARNING: [Common 17-55] 'set_property' expects at least one object. [D:/Vivado/code/project_1/project_1.srcs/constrs_1/new/mycons.xdc:46]
Resolution: If [get_<value>] was used to populate the object, check to make sure this command returns at least one valid object.
WARNING: [Vivado 12-584] No ports matched 'lcd_rst'. [D:/Vivado/code/project_1/project_1.srcs/constrs_1/new/mycons.xdc:48]
CRITICAL WARNING: [Common 17-55] 'set_property' expects at least one object. [D:/Vivado/code/project_1/project_1.srcs/constrs_1/new/mycons.xdc:48]
Resolution: If [get_<value>] was used to populate the object, check to make sure this command returns at least one valid object.
WARNING: [Vivado 12-584] No ports matched 'lcd_cs'. [D:/Vivado/code/project_1/project_1.srcs/constrs_1/new/mycons.xdc:49]
CRITICAL WARNING: [Common 17-55] 'set_property' expects at least one object. [D:/Vivado/code/project_1/project_1.srcs/constrs_1/new/mycons.xdc:49]
Resolution: If [get_<value>] was used to populate the object, check to make sure this command returns at least one valid object.
WARNING: [Vivado 12-584] No ports matched 'lcd_rs'. [D:/Vivado/code/project_1/project_1.srcs/constrs_1/new/mycons.xdc:50]
CRITICAL WARNING: [Common 17-55] 'set_property' expects at least one object. [D:/Vivado/code/project_1/project_1.srcs/constrs_1/new/mycons.xdc:50]
Resolution: If [get_<value>] was used to populate the object, check to make sure this command returns at least one valid object.
WARNING: [Vivado 12-584] No ports matched 'lcd_wr'. [D:/Vivado/code/project_1/project_1.srcs/constrs_1/new/mycons.xdc:51]
CRITICAL WARNING: [Common 17-55] 'set_property' expects at least one object. [D:/Vivado/code/project_1/project_1.srcs/constrs_1/new/mycons.xdc:51]
Resolution: If [get_<value>] was used to populate the object, check to make sure this command returns at least one valid object.
WARNING: [Vivado 12-584] No ports matched 'lcd_rd'. [D:/Vivado/code/project_1/project_1.srcs/constrs_1/new/mycons.xdc:52]
CRITICAL WARNING: [Common 17-55] 'set_property' expects at least one object. [D:/Vivado/code/project_1/project_1.srcs/constrs_1/new/mycons.xdc:52]
Resolution: If [get_<value>] was used to populate the object, check to make sure this command returns at least one valid object.
WARNING: [Vivado 12-584] No ports matched 'lcd_bl_ctr'. [D:/Vivado/code/project_1/project_1.srcs/constrs_1/new/mycons.xdc:53]
CRITICAL WARNING: [Common 17-55] 'set_property' expects at least one object. [D:/Vivado/code/project_1/project_1.srcs/constrs_1/new/mycons.xdc:53]
Resolution: If [get_<value>] was used to populate the object, check to make sure this command returns at least one valid object.
WARNING: [Vivado 12-584] No ports matched 'lcd_data_io[0]'. [D:/Vivado/code/project_1/project_1.srcs/constrs_1/new/mycons.xdc:54]
CRITICAL WARNING: [Common 17-55] 'set_property' expects at least one object. [D:/Vivado/code/project_1/project_1.srcs/constrs_1/new/mycons.xdc:54]
Resolution: If [get_<value>] was used to populate the object, check to make sure this command returns at least one valid object.
WARNING: [Vivado 12-584] No ports matched 'lcd_data_io[1]'. [D:/Vivado/code/project_1/project_1.srcs/constrs_1/new/mycons.xdc:55]
CRITICAL WARNING: [Common 17-55] 'set_property' expects at least one object. [D:/Vivado/code/project_1/project_1.srcs/constrs_1/new/mycons.xdc:55]
Resolution: If [get_<value>] was used to populate the object, check to make sure this command returns at least one valid object.
WARNING: [Vivado 12-584] No ports matched 'lcd_data_io[2]'. [D:/Vivado/code/project_1/project_1.srcs/constrs_1/new/mycons.xdc:56]
CRITICAL WARNING: [Common 17-55] 'set_property' expects at least one object. [D:/Vivado/code/project_1/project_1.srcs/constrs_1/new/mycons.xdc:56]
Resolution: If [get_<value>] was used to populate the object, check to make sure this command returns at least one valid object.
WARNING: [Vivado 12-584] No ports matched 'lcd_data_io[3]'. [D:/Vivado/code/project_1/project_1.srcs/constrs_1/new/mycons.xdc:57]
CRITICAL WARNING: [Common 17-55] 'set_property' expects at least one object. [D:/Vivado/code/project_1/project_1.srcs/constrs_1/new/mycons.xdc:57]
Resolution: If [get_<value>] was used to populate the object, check to make sure this command returns at least one valid object.
WARNING: [Vivado 12-584] No ports matched 'lcd_data_io[4]'. [D:/Vivado/code/project_1/project_1.srcs/constrs_1/new/mycons.xdc:58]
CRITICAL WARNING: [Common 17-55] 'set_property' expects at least one object. [D:/Vivado/code/project_1/project_1.srcs/constrs_1/new/mycons.xdc:58]
Resolution: If [get_<value>] was used to populate the object, check to make sure this command returns at least one valid object.
WARNING: [Vivado 12-584] No ports matched 'lcd_data_io[5]'. [D:/Vivado/code/project_1/project_1.srcs/constrs_1/new/mycons.xdc:59]
CRITICAL WARNING: [Common 17-55] 'set_property' expects at least one object. [D:/Vivado/code/project_1/project_1.srcs/constrs_1/new/mycons.xdc:59]
Resolution: If [get_<value>] was used to populate the object, check to make sure this command returns at least one valid object.
WARNING: [Vivado 12-584] No ports matched 'lcd_data_io[6]'. [D:/Vivado/code/project_1/project_1.srcs/constrs_1/new/mycons.xdc:60]
CRITICAL WARNING: [Common 17-55] 'set_property' expects at least one object. [D:/Vivado/code/project_1/project_1.srcs/constrs_1/new/mycons.xdc:60]
Resolution: If [get_<value>] was used to populate the object, check to make sure this command returns at least one valid object.
WARNING: [Vivado 12-584] No ports matched 'lcd_data_io[7]'. [D:/Vivado/code/project_1/project_1.srcs/constrs_1/new/mycons.xdc:61]
CRITICAL WARNING: [Common 17-55] 'set_property' expects at least one object. [D:/Vivado/code/project_1/project_1.srcs/constrs_1/new/mycons.xdc:61]
Resolution: If [get_<value>] was used to populate the object, check to make sure this command returns at least one valid object.
WARNING: [Vivado 12-584] No ports matched 'lcd_data_io[8]'. [D:/Vivado/code/project_1/project_1.srcs/constrs_1/new/mycons.xdc:62]
CRITICAL WARNING: [Common 17-55] 'set_property' expects at least one object. [D:/Vivado/code/project_1/project_1.srcs/constrs_1/new/mycons.xdc:62]
Resolution: If [get_<value>] was used to populate the object, check to make sure this command returns at least one valid object.
WARNING: [Vivado 12-584] No ports matched 'lcd_data_io[9]'. [D:/Vivado/code/project_1/project_1.srcs/constrs_1/new/mycons.xdc:63]
CRITICAL WARNING: [Common 17-55] 'set_property' expects at least one object. [D:/Vivado/code/project_1/project_1.srcs/constrs_1/new/mycons.xdc:63]
Resolution: If [get_<value>] was used to populate the object, check to make sure this command returns at least one valid object.
WARNING: [Vivado 12-584] No ports matched 'lcd_data_io[10]'. [D:/Vivado/code/project_1/project_1.srcs/constrs_1/new/mycons.xdc:64]
CRITICAL WARNING: [Common 17-55] 'set_property' expects at least one object. [D:/Vivado/code/project_1/project_1.srcs/constrs_1/new/mycons.xdc:64]
Resolution: If [get_<value>] was used to populate the object, check to make sure this command returns at least one valid object.
WARNING: [Vivado 12-584] No ports matched 'lcd_data_io[11]'. [D:/Vivado/code/project_1/project_1.srcs/constrs_1/new/mycons.xdc:65]
CRITICAL WARNING: [Common 17-55] 'set_property' expects at least one object. [D:/Vivado/code/project_1/project_1.srcs/constrs_1/new/mycons.xdc:65]
Resolution: If [get_<value>] was used to populate the object, check to make sure this command returns at least one valid object.
WARNING: [Vivado 12-584] No ports matched 'lcd_data_io[12]'. [D:/Vivado/code/project_1/project_1.srcs/constrs_1/new/mycons.xdc:66]
CRITICAL WARNING: [Common 17-55] 'set_property' expects at least one object. [D:/Vivado/code/project_1/project_1.srcs/constrs_1/new/mycons.xdc:66]
Resolution: If [get_<value>] was used to populate the object, check to make sure this command returns at least one valid object.
WARNING: [Vivado 12-584] No ports matched 'lcd_data_io[13]'. [D:/Vivado/code/project_1/project_1.srcs/constrs_1/new/mycons.xdc:67]
CRITICAL WARNING: [Common 17-55] 'set_property' expects at least one object. [D:/Vivado/code/project_1/project_1.srcs/constrs_1/new/mycons.xdc:67]
Resolution: If [get_<value>] was used to populate the object, check to make sure this command returns at least one valid object.
WARNING: [Vivado 12-584] No ports matched 'lcd_data_io[14]'. [D:/Vivado/code/project_1/project_1.srcs/constrs_1/new/mycons.xdc:68]
CRITICAL WARNING: [Common 17-55] 'set_property' expects at least one object. [D:/Vivado/code/project_1/project_1.srcs/constrs_1/new/mycons.xdc:68]
Resolution: If [get_<value>] was used to populate the object, check to make sure this command returns at least one valid object.
WARNING: [Vivado 12-584] No ports matched 'lcd_data_io[15]'. [D:/Vivado/code/project_1/project_1.srcs/constrs_1/new/mycons.xdc:69]
CRITICAL WARNING: [Common 17-55] 'set_property' expects at least one object. [D:/Vivado/code/project_1/project_1.srcs/constrs_1/new/mycons.xdc:69]
Resolution: If [get_<value>] was used to populate the object, check to make sure this command returns at least one valid object.
WARNING: [Vivado 12-584] No ports matched 'ct_int'. [D:/Vivado/code/project_1/project_1.srcs/constrs_1/new/mycons.xdc:70]
CRITICAL WARNING: [Common 17-55] 'set_property' expects at least one object. [D:/Vivado/code/project_1/project_1.srcs/constrs_1/new/mycons.xdc:70]
Resolution: If [get_<value>] was used to populate the object, check to make sure this command returns at least one valid object.
WARNING: [Vivado 12-584] No ports matched 'ct_sda'. [D:/Vivado/code/project_1/project_1.srcs/constrs_1/new/mycons.xdc:71]
CRITICAL WARNING: [Common 17-55] 'set_property' expects at least one object. [D:/Vivado/code/project_1/project_1.srcs/constrs_1/new/mycons.xdc:71]
Resolution: If [get_<value>] was used to populate the object, check to make sure this command returns at least one valid object.
WARNING: [Vivado 12-584] No ports matched 'ct_scl'. [D:/Vivado/code/project_1/project_1.srcs/constrs_1/new/mycons.xdc:72]
CRITICAL WARNING: [Common 17-55] 'set_property' expects at least one object. [D:/Vivado/code/project_1/project_1.srcs/constrs_1/new/mycons.xdc:72]
Resolution: If [get_<value>] was used to populate the object, check to make sure this command returns at least one valid object.
WARNING: [Vivado 12-584] No ports matched 'ct_rstn'. [D:/Vivado/code/project_1/project_1.srcs/constrs_1/new/mycons.xdc:73]
CRITICAL WARNING: [Common 17-55] 'set_property' expects at least one object. [D:/Vivado/code/project_1/project_1.srcs/constrs_1/new/mycons.xdc:73]
Resolution: If [get_<value>] was used to populate the object, check to make sure this command returns at least one valid object.
Finished Parsing XDC File [D:/Vivado/code/project_1/project_1.srcs/constrs_1/new/mycons.xdc]
INFO: [Opt 31-138] Pushed 0 inverter(s) to 0 load pin(s).
INFO: [Project 1-111] Unisim Transformation Summary:
No Unisim elements were transformed.

Command: opt_design
Attempting to get a license for feature 'Implementation' and/or device 'xc7a200t-fbg676'
INFO: [Common 17-349] Got license for feature 'Implementation' and/or device 'xc7a200t-fbg676'
Running DRC as a precondition to command opt_design

Starting DRC Task
Command: report_drc (run_mandatory_drcs) for: opt_checks
INFO: [DRC 23-27] Running DRC with 2 threads
report_drc (run_mandatory_drcs) completed successfully
INFO: [Project 1-461] DRC finished with 0 Errors
INFO: [Project 1-462] Please refer to the DRC report (report_drc) for more information.

Time (s): cpu = 00:00:00 ; elapsed = 00:00:00.282 . Memory (MB): peak = 537.953 ; gain = 9.641
INFO: [Timing 38-35] Done setting XDC timing constraints.

Starting Logic Optimization Task

Phase 1 Retarget
INFO: [Opt 31-138] Pushed 0 inverter(s) to 0 load pin(s).
INFO: [Opt 31-49] Retargeted 0 cell(s).
Phase 1 Retarget | Checksum: 148577028

Time (s): cpu = 00:00:00 ; elapsed = 00:00:00.022 . Memory (MB): peak = 1078.320 ; gain = 0.000
INFO: [Opt 31-389] Phase Retarget created 0 cells and removed 30 cells

Phase 2 Constant propagation
INFO: [Opt 31-138] Pushed 0 inverter(s) to 0 load pin(s).
Phase 2 Constant propagation | Checksum: 148577028

Time (s): cpu = 00:00:00 ; elapsed = 00:00:00.029 . Memory (MB): peak = 1078.320 ; gain = 0.000
INFO: [Opt 31-389] Phase Constant propagation created 0 cells and removed 0 cells

Phase 3 Sweep
Phase 3 Sweep | Checksum: 1162a2838

Time (s): cpu = 00:00:00 ; elapsed = 00:00:00.036 . Memory (MB): peak = 1078.320 ; gain = 0.000
INFO: [Opt 31-389] Phase Sweep created 0 cells and removed 0 cells

Phase 4 BUFG optimization
Phase 4 BUFG optimization | Checksum: 1162a2838

Time (s): cpu = 00:00:00 ; elapsed = 00:00:00.044 . Memory (MB): peak = 1078.320 ; gain = 0.000
INFO: [Opt 31-389] Phase BUFG optimization created 0 cells and removed 0 cells

Phase 5 Shift Register Optimization
Phase 5 Shift Register Optimization | Checksum: 1162a2838

Time (s): cpu = 00:00:00 ; elapsed = 00:00:00.044 . Memory (MB): peak = 1078.320 ; gain = 0.000
INFO: [Opt 31-389] Phase Shift Register Optimization created 0 cells and removed 0 cells

Starting Connectivity Check Task

Time (s): cpu = 00:00:00 ; elapsed = 00:00:00.001 . Memory (MB): peak = 1078.320 ; gain = 0.000
Ending Logic Optimization Task | Checksum: 1162a2838

Time (s): cpu = 00:00:00 ; elapsed = 00:00:00.046 . Memory (MB): peak = 1078.320 ; gain = 0.000

Starting Power Optimization Task
INFO: [Pwropt 34-132] Skipping clock gating for clocks with a period < 2.00 ns.
Ending Power Optimization Task | Checksum: 11c00e8da

Time (s): cpu = 00:00:00 ; elapsed = 00:00:00.007 . Memory (MB): peak = 1078.320 ; gain = 0.000
21 Infos, 68 Warnings, 68 Critical Warnings and 0 Errors encountered.
opt_design completed successfully
opt_design: Time (s): cpu = 00:00:07 ; elapsed = 00:00:08 . Memory (MB): peak = 1078.320 ; gain = 550.008
INFO: [Common 17-1381] The checkpoint 'D:/Vivado/code/project_1/project_1.runs/impl_1/adder32_opt.dcp' has been generated.
Command: report_drc -file adder32_drc_opted.rpt
INFO: [DRC 23-27] Running DRC with 2 threads
INFO: [Coretcl 2-168] The results of DRC are in file D:/Vivado/code/project_1/project_1.runs/impl_1/adder32_drc_opted.rpt.
report_drc completed successfully
INFO: [Chipscope 16-241] No debug cores found in the current design.
Before running the implement_debug_core command, either use the Set Up Debug wizard (GUI mode)
or use the create_debug_core and connect_debug_core Tcl commands to insert debug cores into the design.
Command: place_design
Attempting to get a license for feature 'Implementation' and/or device 'xc7a200t-fbg676'
INFO: [Common 17-349] Got license for feature 'Implementation' and/or device 'xc7a200t-fbg676'
Command: report_drc (run_mandatory_drcs) for: incr_eco_checks
INFO: [DRC 23-27] Running DRC with 2 threads
report_drc (run_mandatory_drcs) completed successfully
INFO: [Vivado_Tcl 4-198] DRC finished with 0 Errors
INFO: [Vivado_Tcl 4-199] Please refer to the DRC report (report_drc) for more information.
Running DRC as a precondition to command place_design
Command: report_drc (run_mandatory_drcs) for: placer_checks
INFO: [DRC 23-27] Running DRC with 2 threads
report_drc (run_mandatory_drcs) completed successfully
INFO: [Vivado_Tcl 4-198] DRC finished with 0 Errors
INFO: [Vivado_Tcl 4-199] Please refer to the DRC report (report_drc) for more information.

Starting Placer Task
INFO: [Place 30-611] Multithreading enabled for place_design using a maximum of 2 CPUs

Phase 1 Placer Initialization

Phase 1.1 Placer Initialization Netlist Sorting
Netlist sorting complete. Time (s): cpu = 00:00:00 ; elapsed = 00:00:00 . Memory (MB): peak = 1078.320 ; gain = 0.000
Phase 1.1 Placer Initialization Netlist Sorting | Checksum: af08e539

Time (s): cpu = 00:00:00 ; elapsed = 00:00:00.005 . Memory (MB): peak = 1078.320 ; gain = 0.000
INFO: [Timing 38-35] Done setting XDC timing constraints.
INFO: [Opt 31-138] Pushed 0 inverter(s) to 0 load pin(s).
Netlist sorting complete. Time (s): cpu = 00:00:00 ; elapsed = 00:00:00 . Memory (MB): peak = 1078.320 ; gain = 0.000

Phase 1.2 IO Placement/ Clock Placement/ Build Placer Device
INFO: [Timing 38-35] Done setting XDC timing constraints.
Phase 1.2 IO Placement/ Clock Placement/ Build Placer Device | Checksum: 188e84e91

Time (s): cpu = 00:00:02 ; elapsed = 00:00:00.829 . Memory (MB): peak = 1078.320 ; gain = 0.000

Phase 1.3 Build Placer Netlist Model
Phase 1.3 Build Placer Netlist Model | Checksum: 27453a391

Time (s): cpu = 00:00:02 ; elapsed = 00:00:00.851 . Memory (MB): peak = 1078.320 ; gain = 0.000

Phase 1.4 Constrain Clocks/Macros
Phase 1.4 Constrain Clocks/Macros | Checksum: 27453a391

Time (s): cpu = 00:00:02 ; elapsed = 00:00:00.854 . Memory (MB): peak = 1078.320 ; gain = 0.000
Phase 1 Placer Initialization | Checksum: 27453a391

Time (s): cpu = 00:00:02 ; elapsed = 00:00:00.856 . Memory (MB): peak = 1078.320 ; gain = 0.000

Phase 2 Global Placement
WARNING: [Place 46-30] place_design is not in timing mode. Skip physical synthesis in placer
Phase 2 Global Placement | Checksum: 260b09c3d

Time (s): cpu = 00:00:02 ; elapsed = 00:00:01 . Memory (MB): peak = 1078.320 ; gain = 0.000

Phase 3 Detail Placement

Phase 3.1 Commit Multi Column Macros
Phase 3.1 Commit Multi Column Macros | Checksum: 260b09c3d

Time (s): cpu = 00:00:02 ; elapsed = 00:00:01 . Memory (MB): peak = 1078.320 ; gain = 0.000

Phase 3.2 Commit Most Macros & LUTRAMs
Phase 3.2 Commit Most Macros & LUTRAMs | Checksum: 1fbf450a2

Time (s): cpu = 00:00:02 ; elapsed = 00:00:01 . Memory (MB): peak = 1078.320 ; gain = 0.000

Phase 3.3 Area Swap Optimization
Phase 3.3 Area Swap Optimization | Checksum: 1b73fa400

Time (s): cpu = 00:00:02 ; elapsed = 00:00:01 . Memory (MB): peak = 1078.320 ; gain = 0.000

Phase 3.4 Pipeline Register Optimization
Phase 3.4 Pipeline Register Optimization | Checksum: 1b73fa400

Time (s): cpu = 00:00:02 ; elapsed = 00:00:01 . Memory (MB): peak = 1078.320 ; gain = 0.000

Phase 3.5 Small Shape Detail Placement
Phase 3.5 Small Shape Detail Placement | Checksum: 1279f6f8b

Time (s): cpu = 00:00:02 ; elapsed = 00:00:01 . Memory (MB): peak = 1080.391 ; gain = 2.070

Phase 3.6 Re-assign LUT pins
Phase 3.6 Re-assign LUT pins | Checksum: 1279f6f8b

Time (s): cpu = 00:00:02 ; elapsed = 00:00:01 . Memory (MB): peak = 1080.391 ; gain = 2.070

Phase 3.7 Pipeline Register Optimization
Phase 3.7 Pipeline Register Optimization | Checksum: 1279f6f8b

Time (s): cpu = 00:00:02 ; elapsed = 00:00:01 . Memory (MB): peak = 1080.391 ; gain = 2.070
Phase 3 Detail Placement | Checksum: 1279f6f8b

Time (s): cpu = 00:00:02 ; elapsed = 00:00:01 . Memory (MB): peak = 1080.391 ; gain = 2.070

Phase 4 Post Placement Optimization and Clean-Up

Phase 4.1 Post Commit Optimization
Phase 4.1 Post Commit Optimization | Checksum: 1279f6f8b

Time (s): cpu = 00:00:02 ; elapsed = 00:00:01 . Memory (MB): peak = 1080.391 ; gain = 2.070

Phase 4.2 Post Placement Cleanup
Phase 4.2 Post Placement Cleanup | Checksum: 1279f6f8b

Time (s): cpu = 00:00:02 ; elapsed = 00:00:01 . Memory (MB): peak = 1080.391 ; gain = 2.070

Phase 4.3 Placer Reporting
Phase 4.3 Placer Reporting | Checksum: 1279f6f8b

Time (s): cpu = 00:00:02 ; elapsed = 00:00:01 . Memory (MB): peak = 1080.391 ; gain = 2.070

Phase 4.4 Final Placement Cleanup
Phase 4.4 Final Placement Cleanup | Checksum: 1279f6f8b

Time (s): cpu = 00:00:02 ; elapsed = 00:00:01 . Memory (MB): peak = 1080.391 ; gain = 2.070
Phase 4 Post Placement Optimization and Clean-Up | Checksum: 1279f6f8b

Time (s): cpu = 00:00:02 ; elapsed = 00:00:01 . Memory (MB): peak = 1080.391 ; gain = 2.070
Ending Placer Task | Checksum: b2a62cf8

Time (s): cpu = 00:00:02 ; elapsed = 00:00:01 . Memory (MB): peak = 1080.391 ; gain = 2.070
36 Infos, 69 Warnings, 68 Critical Warnings and 0 Errors encountered.
place_design completed successfully
Writing placer database...
Writing XDEF routing.
Writing XDEF routing logical nets.
Writing XDEF routing special nets.
Write XDEF Complete: Time (s): cpu = 00:00:00 ; elapsed = 00:00:00.030 . Memory (MB): peak = 1080.391 ; gain = 0.000
INFO: [Common 17-1381] The checkpoint 'D:/Vivado/code/project_1/project_1.runs/impl_1/adder32_placed.dcp' has been generated.
report_io: Time (s): cpu = 00:00:00 ; elapsed = 00:00:00.073 . Memory (MB): peak = 1080.391 ; gain = 0.000
report_utilization: Time (s): cpu = 00:00:00 ; elapsed = 00:00:00.018 . Memory (MB): peak = 1080.391 ; gain = 0.000
report_control_sets: Time (s): cpu = 00:00:00 ; elapsed = 00:00:00.001 . Memory (MB): peak = 1080.391 ; gain = 0.000
Command: route_design
Attempting to get a license for feature 'Implementation' and/or device 'xc7a200t-fbg676'
INFO: [Common 17-349] Got license for feature 'Implementation' and/or device 'xc7a200t-fbg676'
Running DRC as a precondition to command route_design
Command: report_drc (run_mandatory_drcs) for: router_checks
INFO: [DRC 23-27] Running DRC with 2 threads
report_drc (run_mandatory_drcs) completed successfully
INFO: [Vivado_Tcl 4-198] DRC finished with 0 Errors
INFO: [Vivado_Tcl 4-199] Please refer to the DRC report (report_drc) for more information.


Starting Routing Task
INFO: [Route 35-254] Multithreading enabled for route_design using a maximum of 2 CPUs
Checksum: PlaceDB: 39d47bf ConstDB: 0 ShapeSum: af08e539 RouteDB: 0

Phase 1 Build RT Design
Phase 1 Build RT Design | Checksum: a047004b

Time (s): cpu = 00:00:34 ; elapsed = 00:00:29 . Memory (MB): peak = 1310.426 ; gain = 230.035

Phase 2 Router Initialization
INFO: [Route 35-64] No timing constraints were detected. The router will operate in resource-optimization mode.

Phase 2.1 Fix Topology Constraints
Phase 2.1 Fix Topology Constraints | Checksum: a047004b

Time (s): cpu = 00:00:34 ; elapsed = 00:00:29 . Memory (MB): peak = 1310.426 ; gain = 230.035

Phase 2.2 Pre Route Cleanup
Phase 2.2 Pre Route Cleanup | Checksum: a047004b

Time (s): cpu = 00:00:34 ; elapsed = 00:00:29 . Memory (MB): peak = 1310.426 ; gain = 230.035
 Number of Nodes with overlaps = 0
Phase 2 Router Initialization | Checksum: 1e41b5aa0

Time (s): cpu = 00:00:34 ; elapsed = 00:00:29 . Memory (MB): peak = 1322.605 ; gain = 242.215

Phase 3 Initial Routing
Phase 3 Initial Routing | Checksum: 1d04d3ca1

Time (s): cpu = 00:00:34 ; elapsed = 00:00:29 . Memory (MB): peak = 1322.605 ; gain = 242.215

Phase 4 Rip-up And Reroute

Phase 4.1 Global Iteration 0
 Number of Nodes with overlaps = 11
 Number of Nodes with overlaps = 0
Phase 4.1 Global Iteration 0 | Checksum: a64e7a19

Time (s): cpu = 00:00:34 ; elapsed = 00:00:29 . Memory (MB): peak = 1322.605 ; gain = 242.215
Phase 4 Rip-up And Reroute | Checksum: a64e7a19

Time (s): cpu = 00:00:34 ; elapsed = 00:00:29 . Memory (MB): peak = 1322.605 ; gain = 242.215

Phase 5 Delay and Skew Optimization
Phase 5 Delay and Skew Optimization | Checksum: a64e7a19

Time (s): cpu = 00:00:34 ; elapsed = 00:00:29 . Memory (MB): peak = 1322.605 ; gain = 242.215

Phase 6 Post Hold Fix

Phase 6.1 Hold Fix Iter
Phase 6.1 Hold Fix Iter | Checksum: a64e7a19

Time (s): cpu = 00:00:34 ; elapsed = 00:00:29 . Memory (MB): peak = 1322.605 ; gain = 242.215
Phase 6 Post Hold Fix | Checksum: a64e7a19

Time (s): cpu = 00:00:34 ; elapsed = 00:00:29 . Memory (MB): peak = 1322.605 ; gain = 242.215

Phase 7 Route finalize

Router Utilization Summary
  Global Vertical Routing Utilization    = 0.132969 %
  Global Horizontal Routing Utilization  = 0.279577 %
  Routable Net Status*
  *Does not include unroutable nets such as driverless and loadless.
  Run report_route_status for detailed report.
  Number of Failed Nets               = 0
  Number of Unrouted Nets             = 0
  Number of Partially Routed Nets     = 0
  Number of Node Overlaps             = 0

Congestion Report
North Dir 1x1 Area, Max Cong = 30.6306%, No Congested Regions.
South Dir 1x1 Area, Max Cong = 45.045%, No Congested Regions.
East Dir 1x1 Area, Max Cong = 29.4118%, No Congested Regions.
West Dir 1x1 Area, Max Cong = 20.5882%, No Congested Regions.
Phase 7 Route finalize | Checksum: a64e7a19

Time (s): cpu = 00:00:34 ; elapsed = 00:00:29 . Memory (MB): peak = 1322.605 ; gain = 242.215

Phase 8 Verifying routed nets

 Verification completed successfully
Phase 8 Verifying routed nets | Checksum: a64e7a19

Time (s): cpu = 00:00:34 ; elapsed = 00:00:29 . Memory (MB): peak = 1324.539 ; gain = 244.148

Phase 9 Depositing Routes
Phase 9 Depositing Routes | Checksum: 5421770f

Time (s): cpu = 00:00:34 ; elapsed = 00:00:29 . Memory (MB): peak = 1324.539 ; gain = 244.148
INFO: [Route 35-16] Router Completed Successfully

Time (s): cpu = 00:00:34 ; elapsed = 00:00:29 . Memory (MB): peak = 1324.539 ; gain = 244.148

Routing Is Done.
44 Infos, 69 Warnings, 68 Critical Warnings and 0 Errors encountered.
route_design completed successfully
route_design: Time (s): cpu = 00:00:35 ; elapsed = 00:00:30 . Memory (MB): peak = 1324.539 ; gain = 244.148
Writing placer database...
Writing XDEF routing.
Writing XDEF routing logical nets.
Writing XDEF routing special nets.
Write XDEF Complete: Time (s): cpu = 00:00:00 ; elapsed = 00:00:00.035 . Memory (MB): peak = 1324.539 ; gain = 0.000
INFO: [Common 17-1381] The checkpoint 'D:/Vivado/code/project_1/project_1.runs/impl_1/adder32_routed.dcp' has been generated.
Command: report_drc -file adder32_drc_routed.rpt -pb adder32_drc_routed.pb -rpx adder32_drc_routed.rpx
INFO: [DRC 23-27] Running DRC with 2 threads
INFO: [Coretcl 2-168] The results of DRC are in file D:/Vivado/code/project_1/project_1.runs/impl_1/adder32_drc_routed.rpt.
report_drc completed successfully
Command: report_methodology -file adder32_methodology_drc_routed.rpt -rpx adder32_methodology_drc_routed.rpx
INFO: [Timing 38-35] Done setting XDC timing constraints.
INFO: [DRC 23-133] Running Methodology with 2 threads
INFO: [Coretcl 2-1520] The results of Report Methodology are in file D:/Vivado/code/project_1/project_1.runs/impl_1/adder32_methodology_drc_routed.rpt.
report_methodology completed successfully
Command: report_power -file adder32_power_routed.rpt -pb adder32_power_summary_routed.pb -rpx adder32_power_routed.rpx
WARNING: [Power 33-232] No user defined clocks were found in the design!
Resolution: Please specify clocks using create_clock/create_generated_clock for sequential elements. For pure combinatorial circuits, please specify a virtual clock, otherwise the vectorless estimation might be inaccurate
INFO: [Timing 38-35] Done setting XDC timing constraints.
Running Vector-less Activity Propagation...

Finished Running Vector-less Activity Propagation
51 Infos, 70 Warnings, 68 Critical Warnings and 0 Errors encountered.
report_power completed successfully
INFO: [Timing 38-91] UpdateTimingParams: Speed grade: -2, Delay Type: min_max.
INFO: [Timing 38-191] Multithreading enabled for timing update using a maximum of 2 CPUs
WARNING: [Timing 38-313] There are no user specified timing constraints. Timing constraints are needed for proper timing analysis.
INFO: [Common 17-206] Exiting Vivado at Thu Mar 28 12:06:53 2024...
